C:\gitProjects\JellyfishRenderer\jellyfish-renderer\JellyFishRenderer\Release\cl.command.1.tlog
C:\gitProjects\JellyfishRenderer\jellyfish-renderer\JellyFishRenderer\Release\CL.read.1.tlog
C:\gitProjects\JellyfishRenderer\jellyfish-renderer\JellyFishRenderer\Release\CL.write.1.tlog
C:\GITPROJECTS\JELLYFISHRENDERER\JELLYFISH-RENDERER\JELLYFISHRENDERER\RELEASE\HSVCOLORPICKER.OBJ
C:\GITPROJECTS\JELLYFISHRENDERER\JELLYFISH-RENDERER\JELLYFISHRENDERER\RELEASE\INITSHADER.OBJ
C:\GITPROJECTS\JELLYFISHRENDERER\JELLYFISH-RENDERER\JELLYFISHRENDERER\RELEASE\JELLYFISH.OBJ
C:\gitProjects\JellyfishRenderer\jellyfish-renderer\JellyFishRenderer\Release\JellyFishRenderer.exe.intermediate.manifest
C:\gitProjects\JellyfishRenderer\jellyfish-renderer\JellyFishRenderer\Release\link.command.1.tlog
C:\gitProjects\JellyfishRenderer\jellyfish-renderer\JellyFishRenderer\Release\link.read.1.tlog
C:\gitProjects\JellyfishRenderer\jellyfish-renderer\JellyFishRenderer\Release\link.write.1.tlog
C:\GITPROJECTS\JELLYFISHRENDERER\JELLYFISH-RENDERER\JELLYFISHRENDERER\RELEASE\MAIN.OBJ
C:\gitProjects\JellyfishRenderer\jellyfish-renderer\JellyFishRenderer\Release\mt.command.1.tlog
C:\gitProjects\JellyfishRenderer\jellyfish-renderer\JellyFishRenderer\Release\mt.read.1.tlog
C:\gitProjects\JellyfishRenderer\jellyfish-renderer\JellyFishRenderer\Release\mt.write.1.tlog
C:\GITPROJECTS\JELLYFISHRENDERER\JELLYFISH-RENDERER\JELLYFISHRENDERER\RELEASE\OBJ_READER.OBJ
C:\GITPROJECTS\JELLYFISHRENDERER\JELLYFISH-RENDERER\JELLYFISHRENDERER\RELEASE\VC100.PDB
C:\GITPROJECTS\JELLYFISHRENDERER\JELLYFISH-RENDERER\JELLYFISHRENDERER\RELEASE\VTK_READER.OBJ
C:\gitProjects\JellyfishRenderer\jellyfish-renderer\Release\JellyFishRenderer.pdb
C:\USERS\ALESSANDRO\DOCUMENTS\GITHUB\JELLYFISH-RENDERER\JELLYFISHRENDERER\RELEASE\INITSHADER.OBJ
C:\USERS\ALESSANDRO\DOCUMENTS\GITHUB\JELLYFISH-RENDERER\JELLYFISHRENDERER\RELEASE\JELLYFISH.OBJ
C:\USERS\ALESSANDRO\DOCUMENTS\GITHUB\JELLYFISH-RENDERER\JELLYFISHRENDERER\RELEASE\JELLYFISHRENDERER.EXE.INTERMEDIATE.MANIFEST
C:\USERS\ALESSANDRO\DOCUMENTS\GITHUB\JELLYFISH-RENDERER\JELLYFISHRENDERER\RELEASE\MAIN.OBJ
C:\USERS\ALESSANDRO\DOCUMENTS\GITHUB\JELLYFISH-RENDERER\JELLYFISHRENDERER\RELEASE\OBJ_READER.OBJ
C:\USERS\ALESSANDRO\DOCUMENTS\GITHUB\JELLYFISH-RENDERER\JELLYFISHRENDERER\RELEASE\VC100.PDB
C:\USERS\ALESSANDRO\DOCUMENTS\GITHUB\JELLYFISH-RENDERER\JELLYFISHRENDERER\RELEASE\VTK_READER.OBJ
C:\USERS\ALESSANDRO\DOCUMENTS\GITHUB\JELLYFISH-RENDERER\RELEASE\JELLYFISHRENDERER.EXE
C:\USERS\ALESSANDRO\DOCUMENTS\GITHUB\JELLYFISH-RENDERER\RELEASE\JELLYFISHRENDERER.PDB
D:\ALEXANDERSFOLDER\GITSTUFF\JELLYFISH-RENDERER\JELLYFISHRENDERER\RELEASE\HSVCOLORPICKER.OBJ
D:\ALEXANDERSFOLDER\GITSTUFF\JELLYFISH-RENDERER\JELLYFISHRENDERER\RELEASE\INITSHADER.OBJ
D:\ALEXANDERSFOLDER\GITSTUFF\JELLYFISH-RENDERER\JELLYFISHRENDERER\RELEASE\JELLYFISH.OBJ
D:\ALEXANDERSFOLDER\GITSTUFF\JELLYFISH-RENDERER\JELLYFISHRENDERER\RELEASE\MAIN.OBJ
D:\ALEXANDERSFOLDER\GITSTUFF\JELLYFISH-RENDERER\JELLYFISHRENDERER\RELEASE\OBJ_READER.OBJ
D:\ALEXANDERSFOLDER\GITSTUFF\JELLYFISH-RENDERER\JELLYFISHRENDERER\RELEASE\VC100.PDB
D:\ALEXANDERSFOLDER\GITSTUFF\JELLYFISH-RENDERER\JELLYFISHRENDERER\RELEASE\VTK_READER.OBJ
