C:\JELLYFISH-RENDERER-MASTER BLAH\JELLYFISH-RENDERER-MASTER\JELLYFISH-RENDERER-MASTER\DEBUG\JELLYFISHRENDERER.EXE
C:\JELLYFISH-RENDERER-MASTER BLAH\JELLYFISH-RENDERER-MASTER\JELLYFISH-RENDERER-MASTER\DEBUG\JELLYFISHRENDERER.ILK
C:\JELLYFISH-RENDERER-MASTER BLAH\JELLYFISH-RENDERER-MASTER\JELLYFISH-RENDERER-MASTER\DEBUG\JELLYFISHRENDERER.PDB
C:\jellyfish-renderer-master blah\jellyfish-renderer-master\jellyfish-renderer-master\JellyFishRenderer\Debug\cl.command.1.tlog
C:\jellyfish-renderer-master blah\jellyfish-renderer-master\jellyfish-renderer-master\JellyFishRenderer\Debug\CL.read.1.tlog
C:\jellyfish-renderer-master blah\jellyfish-renderer-master\jellyfish-renderer-master\JellyFishRenderer\Debug\CL.write.1.tlog
C:\JELLYFISH-RENDERER-MASTER BLAH\JELLYFISH-RENDERER-MASTER\JELLYFISH-RENDERER-MASTER\JELLYFISHRENDERER\DEBUG\INITSHADER.OBJ
C:\JELLYFISH-RENDERER-MASTER BLAH\JELLYFISH-RENDERER-MASTER\JELLYFISH-RENDERER-MASTER\JELLYFISHRENDERER\DEBUG\JELLYFISH.OBJ
C:\JELLYFISH-RENDERER-MASTER BLAH\JELLYFISH-RENDERER-MASTER\JELLYFISH-RENDERER-MASTER\JELLYFISHRENDERER\DEBUG\JELLYFISHRENDERER.EXE.INTERMEDIATE.MANIFEST
C:\jellyfish-renderer-master blah\jellyfish-renderer-master\jellyfish-renderer-master\JellyFishRenderer\Debug\link.command.1.tlog
C:\jellyfish-renderer-master blah\jellyfish-renderer-master\jellyfish-renderer-master\JellyFishRenderer\Debug\link.read.1.tlog
C:\jellyfish-renderer-master blah\jellyfish-renderer-master\jellyfish-renderer-master\JellyFishRenderer\Debug\link.write.1.tlog
C:\JELLYFISH-RENDERER-MASTER BLAH\JELLYFISH-RENDERER-MASTER\JELLYFISH-RENDERER-MASTER\JELLYFISHRENDERER\DEBUG\MAIN.OBJ
C:\jellyfish-renderer-master blah\jellyfish-renderer-master\jellyfish-renderer-master\JellyFishRenderer\Debug\mt.command.1.tlog
C:\jellyfish-renderer-master blah\jellyfish-renderer-master\jellyfish-renderer-master\JellyFishRenderer\Debug\mt.read.1.tlog
C:\jellyfish-renderer-master blah\jellyfish-renderer-master\jellyfish-renderer-master\JellyFishRenderer\Debug\mt.write.1.tlog
C:\JELLYFISH-RENDERER-MASTER BLAH\JELLYFISH-RENDERER-MASTER\JELLYFISH-RENDERER-MASTER\JELLYFISHRENDERER\DEBUG\OBJ_READER.OBJ
C:\jellyfish-renderer-master blah\jellyfish-renderer-master\jellyfish-renderer-master\JellyFishRenderer\Debug\vc100.idb
C:\JELLYFISH-RENDERER-MASTER BLAH\JELLYFISH-RENDERER-MASTER\JELLYFISH-RENDERER-MASTER\JELLYFISHRENDERER\DEBUG\VC100.PDB
C:\JELLYFISH-RENDERER-MASTER BLAH\JELLYFISH-RENDERER-MASTER\JELLYFISH-RENDERER-MASTER\JELLYFISHRENDERER\DEBUG\VTK_READER.OBJ
C:\USERS\ALESSANDRO\DOCUMENTS\VISUAL STUDIO 2010\PROJECTS\JELLYFISHRENDERER\DEBUG\JELLYFISHRENDERER.EXE
C:\USERS\ALESSANDRO\DOCUMENTS\VISUAL STUDIO 2010\PROJECTS\JELLYFISHRENDERER\DEBUG\JELLYFISHRENDERER.ILK
C:\USERS\ALESSANDRO\DOCUMENTS\VISUAL STUDIO 2010\PROJECTS\JELLYFISHRENDERER\DEBUG\JELLYFISHRENDERER.PDB
C:\USERS\ALESSANDRO\DOCUMENTS\VISUAL STUDIO 2010\PROJECTS\JELLYFISHRENDERER\JELLYFISHRENDERER\DEBUG\INITSHADER.OBJ
C:\USERS\ALESSANDRO\DOCUMENTS\VISUAL STUDIO 2010\PROJECTS\JELLYFISHRENDERER\JELLYFISHRENDERER\DEBUG\JELLYFISHRENDERER.EXE.INTERMEDIATE.MANIFEST
C:\USERS\ALESSANDRO\DOCUMENTS\VISUAL STUDIO 2010\PROJECTS\JELLYFISHRENDERER\JELLYFISHRENDERER\DEBUG\MAIN.OBJ
C:\USERS\ALESSANDRO\DOCUMENTS\VISUAL STUDIO 2010\PROJECTS\JELLYFISHRENDERER\JELLYFISHRENDERER\DEBUG\OBJ_READER.OBJ
C:\USERS\ALESSANDRO\DOCUMENTS\VISUAL STUDIO 2010\PROJECTS\JELLYFISHRENDERER\JELLYFISHRENDERER\DEBUG\VC100.PDB
C:\USERS\ALESSANDRO\DOCUMENTS\VISUAL STUDIO 2010\PROJECTS\JELLYFISHRENDERER\JELLYFISHRENDERER\DEBUG\VTK_READER.OBJ
C:\USERS\S124044\DESKTOP\PROJ\JELLYFISH-RENDERER-MASTER\DEBUG\JELLYFISHRENDERER.EXE
C:\USERS\S124044\DESKTOP\PROJ\JELLYFISH-RENDERER-MASTER\DEBUG\JELLYFISHRENDERER.ILK
C:\USERS\S124044\DESKTOP\PROJ\JELLYFISH-RENDERER-MASTER\DEBUG\JELLYFISHRENDERER.PDB
C:\USERS\S124044\DESKTOP\PROJ\JELLYFISH-RENDERER-MASTER\JELLYFISHRENDERER\DEBUG\INITSHADER.OBJ
C:\USERS\S124044\DESKTOP\PROJ\JELLYFISH-RENDERER-MASTER\JELLYFISHRENDERER\DEBUG\JELLYFISHRENDERER.EXE.INTERMEDIATE.MANIFEST
C:\USERS\S124044\DESKTOP\PROJ\JELLYFISH-RENDERER-MASTER\JELLYFISHRENDERER\DEBUG\MAIN.OBJ
C:\USERS\S124044\DESKTOP\PROJ\JELLYFISH-RENDERER-MASTER\JELLYFISHRENDERER\DEBUG\OBJ_READER.OBJ
C:\USERS\S124044\DESKTOP\PROJ\JELLYFISH-RENDERER-MASTER\JELLYFISHRENDERER\DEBUG\VC100.PDB
C:\USERS\S124044\DESKTOP\PROJ\JELLYFISH-RENDERER-MASTER\JELLYFISHRENDERER\DEBUG\VTK_READER.OBJ
C:\USERS\S124044\DOWNLOADS\JELLYFISH-RENDERER-MASTER\JELLYFISH-RENDERER-MASTER\DEBUG\JELLYFISHRENDERER.EXE
C:\USERS\S124044\DOWNLOADS\JELLYFISH-RENDERER-MASTER\JELLYFISH-RENDERER-MASTER\DEBUG\JELLYFISHRENDERER.ILK
C:\USERS\S124044\DOWNLOADS\JELLYFISH-RENDERER-MASTER\JELLYFISH-RENDERER-MASTER\DEBUG\JELLYFISHRENDERER.PDB
C:\USERS\S124044\DOWNLOADS\JELLYFISH-RENDERER-MASTER\JELLYFISH-RENDERER-MASTER\JELLYFISHRENDERER\DEBUG\INITSHADER.OBJ
C:\USERS\S124044\DOWNLOADS\JELLYFISH-RENDERER-MASTER\JELLYFISH-RENDERER-MASTER\JELLYFISHRENDERER\DEBUG\JELLYFISH.OBJ
C:\USERS\S124044\DOWNLOADS\JELLYFISH-RENDERER-MASTER\JELLYFISH-RENDERER-MASTER\JELLYFISHRENDERER\DEBUG\JELLYFISHRENDERER.EXE.INTERMEDIATE.MANIFEST
C:\USERS\S124044\DOWNLOADS\JELLYFISH-RENDERER-MASTER\JELLYFISH-RENDERER-MASTER\JELLYFISHRENDERER\DEBUG\MAIN.OBJ
C:\USERS\S124044\DOWNLOADS\JELLYFISH-RENDERER-MASTER\JELLYFISH-RENDERER-MASTER\JELLYFISHRENDERER\DEBUG\OBJ_READER.OBJ
C:\USERS\S124044\DOWNLOADS\JELLYFISH-RENDERER-MASTER\JELLYFISH-RENDERER-MASTER\JELLYFISHRENDERER\DEBUG\VC100.PDB
C:\USERS\S124044\DOWNLOADS\JELLYFISH-RENDERER-MASTER\JELLYFISH-RENDERER-MASTER\JELLYFISHRENDERER\DEBUG\VTK_READER.OBJ
D:\GITHUBPROJECTS\JELLYFISH\DEBUG\JELLYFISHRENDERER.EXE
D:\GITHUBPROJECTS\JELLYFISH\DEBUG\JELLYFISHRENDERER.ILK
D:\GITHUBPROJECTS\JELLYFISH\DEBUG\JELLYFISHRENDERER.PDB
D:\GITHUBPROJECTS\JELLYFISH\JELLYFISHRENDERER\DEBUG\INITSHADER.OBJ
D:\GITHUBPROJECTS\JELLYFISH\JELLYFISHRENDERER\DEBUG\JELLYFISHRENDERER.EXE.INTERMEDIATE.MANIFEST
D:\GITHUBPROJECTS\JELLYFISH\JELLYFISHRENDERER\DEBUG\MAIN.OBJ
D:\GITHUBPROJECTS\JELLYFISH\JELLYFISHRENDERER\DEBUG\OBJ_READER.OBJ
D:\GITHUBPROJECTS\JELLYFISH\JELLYFISHRENDERER\DEBUG\VC100.PDB
D:\GITHUBPROJECTS\JELLYFISH\JELLYFISHRENDERER\DEBUG\VTK_READER.OBJ
S:\JELLYFISH-RENDERER-MASTER\JELLYFISH-RENDERER-MASTER\DEBUG\JELLYFISHRENDERER.EXE
S:\JELLYFISH-RENDERER-MASTER\JELLYFISH-RENDERER-MASTER\DEBUG\JELLYFISHRENDERER.ILK
S:\JELLYFISH-RENDERER-MASTER\JELLYFISH-RENDERER-MASTER\DEBUG\JELLYFISHRENDERER.PDB
S:\JELLYFISH-RENDERER-MASTER\JELLYFISH-RENDERER-MASTER\JELLYFISHRENDERER\DEBUG\INITSHADER.OBJ
S:\JELLYFISH-RENDERER-MASTER\JELLYFISH-RENDERER-MASTER\JELLYFISHRENDERER\DEBUG\JELLYFISH.OBJ
S:\JELLYFISH-RENDERER-MASTER\JELLYFISH-RENDERER-MASTER\JELLYFISHRENDERER\DEBUG\JELLYFISHRENDERER.EXE.INTERMEDIATE.MANIFEST
S:\JELLYFISH-RENDERER-MASTER\JELLYFISH-RENDERER-MASTER\JELLYFISHRENDERER\DEBUG\MAIN.OBJ
S:\JELLYFISH-RENDERER-MASTER\JELLYFISH-RENDERER-MASTER\JELLYFISHRENDERER\DEBUG\OBJ_READER.OBJ
S:\JELLYFISH-RENDERER-MASTER\JELLYFISH-RENDERER-MASTER\JELLYFISHRENDERER\DEBUG\VC100.PDB
S:\JELLYFISH-RENDERER-MASTER\JELLYFISH-RENDERER-MASTER\JELLYFISHRENDERER\DEBUG\VTK_READER.OBJ
